2026-06-30T21:28:46Z [INFO] Campaign log opened for movingai
2026-06-30T21:28:46Z [INFO] Running manifest row movingai_bgmaps_AR0408SR.map (movingai)
2026-06-30T21:28:46Z [INFO]   config t4x4_k0_mem512m_hg2x2_dfull (4 methods)
2026-06-30T21:28:46Z [INFO] Starting benchmark for map movingai_bgmaps_AR0408SR.map config t4x4_k0_mem512m_hg2x2_dfull (2500 vertices, 308 edges)
2026-06-30T21:28:46Z [INFO]   CsrBfs: Completed (preprocess 0 ns, QPS 9314510.3)
2026-06-30T21:28:46Z [INFO]   BrickSearch: Completed (preprocess 1283845 ns, QPS 12286427.3)
2026-06-30T21:28:46Z [INFO]   BrickClosure: Completed (preprocess 2103295 ns, QPS 12030075.2)
2026-06-30T21:28:46Z [INFO]   HBrick: Completed (preprocess 14100254 ns, QPS 9163803.0)
2026-06-30T21:28:46Z [INFO] Finished map movingai_bgmaps_AR0408SR.map
2026-06-30T21:28:46Z [INFO] Running manifest row movingai_da2_ht_store.map (movingai)
2026-06-30T21:28:46Z [INFO]   config t4x4_k0_mem512m_hg2x2_dfull (4 methods)
2026-06-30T21:28:46Z [INFO] Starting benchmark for map movingai_da2_ht_store.map config t4x4_k0_mem512m_hg2x2_dfull (1369 vertices, 407 edges)
2026-06-30T21:28:46Z [INFO]   CsrBfs: Completed (preprocess 0 ns, QPS 8771929.8)
2026-06-30T21:28:46Z [INFO]   BrickSearch: Completed (preprocess 1328887 ns, QPS 8724100.3)
2026-06-30T21:28:46Z [INFO]   BrickClosure: Completed (preprocess 2435416 ns, QPS 7219402.1)
2026-06-30T21:28:46Z [INFO]   HBrick: Completed (preprocess 21504598 ns, QPS 290518.2)
2026-06-30T21:28:46Z [INFO] Finished map movingai_da2_ht_store.map
2026-06-30T21:28:46Z [INFO] Running manifest row movingai_dao_ost102d.map (movingai)
2026-06-30T21:28:46Z [INFO]   config t4x4_k0_mem512m_hg2x2_dfull (4 methods)
2026-06-30T21:28:46Z [INFO] Starting benchmark for map movingai_dao_ost102d.map config t4x4_k0_mem512m_hg2x2_dfull (616 vertices, 192 edges)
